<?xml version="1.0" encoding="UTF-8"?>
<!-- Generated by org.testng.reporters.JUnitReportReporter -->
<testsuite skipped="0" hostname="Bharathwaj" name="grid.JqueryUi" tests="1" failures="0" timestamp="13 May 2018 10:41:46 GMT" time="21.919" errors="0">
  <testcase name="frame" time="21.919" classname="grid.JqueryUi"/>
</testsuite> <!-- grid.JqueryUi -->
