<?xml version="1.0" encoding="UTF-8"?>
<!-- Generated by org.testng.reporters.JUnitReportReporter -->
<testsuite skipped="0" hostname="Bharathwaj" name="testcases.TC006_DuplicateLead" tests="1" failures="0" timestamp="08 May 2018 06:49:35 GMT" time="46.163" errors="0">
  <testcase name="createLead" time="46.163" classname="testcases.TC006_DuplicateLead"/>
</testsuite> <!-- testcases.TC006_DuplicateLead -->
