<?xml version="1.0" encoding="UTF-8"?>
<!-- Generated by org.testng.reporters.JUnitReportReporter -->
<testsuite skipped="0" hostname="Bharathwaj" name="testcases.TC004_EditLead" tests="1" failures="0" timestamp="06 May 2018 17:02:29 GMT" time="24.287" errors="0">
  <testcase name="createLead" time="24.287" classname="testcases.TC004_EditLead"/>
</testsuite> <!-- testcases.TC004_EditLead -->
