<?xml version="1.0" encoding="UTF-8"?>
<!-- Generated by org.testng.reporters.JUnitReportReporter -->
<testsuite skipped="0" hostname="Bharathwaj" name="testcases.TC003_CreateLead" tests="1" failures="0" timestamp="26 Jun 2018 09:02:19 GMT" time="59.750" errors="0">
  <testcase name="createLead" time="59.750" classname="testcases.TC003_CreateLead"/>
</testsuite> <!-- testcases.TC003_CreateLead -->
