<?xml version="1.0" encoding="UTF-8"?>
<!-- Generated by org.testng.reporters.JUnitReportReporter -->
<testsuite skipped="0" hostname="Bharathwaj" name="testcases.TC007_MergeLead" tests="1" failures="0" timestamp="08 May 2018 07:28:36 GMT" time="28.652" errors="0">
  <testcase name="createLead" time="28.652" classname="testcases.TC007_MergeLead"/>
</testsuite> <!-- testcases.TC007_MergeLead -->
