<?xml version="1.0" encoding="UTF-8"?>
<!-- Generated by org.testng.reporters.JUnitReportReporter -->
<testsuite skipped="0" hostname="Bharathwaj" name="testcases.TC005_DeleteLead" tests="1" failures="0" timestamp="10 May 2018 17:39:30 GMT" time="24.803" errors="0">
  <testcase name="deleteLead" time="24.803" classname="testcases.TC005_DeleteLead"/>
</testsuite> <!-- testcases.TC005_DeleteLead -->
