<?xml version="1.0" encoding="UTF-8"?>
<!-- Generated by org.testng.reporters.JUnitReportReporter -->
<testsuite skipped="0" hostname="Bharathwaj" name="testcases.TC003_CreateLead" tests="1" failures="0" timestamp="20 May 2018 04:57:31 GMT" time="34.186" errors="0">
  <testcase name="createLead" time="34.186" classname="testcases.TC003_CreateLead"/>
</testsuite> <!-- testcases.TC003_CreateLead -->
